ERROR - 2024-05-28 09:47:13 --> mysqli_sql_exception: Table 'ci4.admin' doesn't exist in C:\xampp\htdocs\login\system\Database\MySQLi\Connection.php:306
Stack trace:
#0 C:\xampp\htdocs\login\system\Database\MySQLi\Connection.php(306): mysqli->query('SELECT 1\nFROM `...', 0)
#1 C:\xampp\htdocs\login\system\Database\BaseConnection.php(693): CodeIgniter\Database\MySQLi\Connection->execute('SELECT 1\nFROM `...')
#2 C:\xampp\htdocs\login\system\Database\BaseConnection.php(607): CodeIgniter\Database\BaseConnection->simpleQuery('SELECT 1\nFROM `...')
#3 C:\xampp\htdocs\login\system\Database\BaseBuilder.php(1615): CodeIgniter\Database\BaseConnection->query('SELECT 1\nFROM `...', Array, false)
#4 C:\xampp\htdocs\login\system\Validation\StrictRules\Rules.php(212): CodeIgniter\Database\BaseBuilder->get()
#5 C:\xampp\htdocs\login\system\Validation\Validation.php(311): CodeIgniter\Validation\StrictRules\Rules->is_unique('gangamg002@gmai...', 'email', Array, NULL, 'email')
#6 C:\xampp\htdocs\login\system\Validation\Validation.php(197): CodeIgniter\Validation\Validation->processRules('email', 'email', 'gangamg002@gmai...', Array, Array)
#7 C:\xampp\htdocs\login\system\Controller.php(152): CodeIgniter\Validation\Validation->run()
#8 C:\xampp\htdocs\login\app\Controllers\Home.php(62): CodeIgniter\Controller->validate(Array)
#9 C:\xampp\htdocs\login\system\CodeIgniter.php(942): App\Controllers\Home->signup()
#10 C:\xampp\htdocs\login\system\CodeIgniter.php(502): CodeIgniter\CodeIgniter->runController(Object(App\Controllers\Home))
#11 C:\xampp\htdocs\login\system\CodeIgniter.php(361): CodeIgniter\CodeIgniter->handleRequest(NULL, Object(Config\Cache), false)
#12 C:\xampp\htdocs\login\public\index.php(79): CodeIgniter\CodeIgniter->run()
#13 {main}
CRITICAL - 2024-05-28 09:47:13 --> Table 'ci4.admin' doesn't exist
in SYSTEMPATH\Database\BaseConnection.php on line 647.
 1 SYSTEMPATH\Database\BaseBuilder.php(1615): CodeIgniter\Database\BaseConnection->query('SELECT 1
FROM `admin`
WHERE `email` = :email:
 LIMIT 1', [...], false)
 2 SYSTEMPATH\Validation\StrictRules\Rules.php(212): CodeIgniter\Database\BaseBuilder->get()
 3 SYSTEMPATH\Validation\Validation.php(311): CodeIgniter\Validation\StrictRules\Rules->is_unique('gangamg002@gmail.com', 'email', [...], null, 'email')
 4 SYSTEMPATH\Validation\Validation.php(197): CodeIgniter\Validation\Validation->processRules('email', 'email', 'gangamg002@gmail.com', [...], [...])
 5 SYSTEMPATH\Controller.php(152): CodeIgniter\Validation\Validation->run()
 6 APPPATH\Controllers\Home.php(62): CodeIgniter\Controller->validate([...])
 7 SYSTEMPATH\CodeIgniter.php(942): App\Controllers\Home->signup()
 8 SYSTEMPATH\CodeIgniter.php(502): CodeIgniter\CodeIgniter->runController(Object(App\Controllers\Home))
 9 SYSTEMPATH\CodeIgniter.php(361): CodeIgniter\CodeIgniter->handleRequest(null, Object(Config\Cache), false)
10 FCPATH\index.php(79): CodeIgniter\CodeIgniter->run()
